<?xml version="1.0" encoding="UTF-8"?>
<robot generator="Robot 3.2.2 (Python 3.7.0 on darwin)" generated="20201113 15:05:05.247" rpa="false">
<suite id="s1" name="Shopping Visa Success" source="/Users/pawariswongsalung/Documents/swt-workshop/API/shopping_cart/shopping_visa_success.robot">
<kw name="Create Session" library="RequestsLibrary" type="setup">
<doc>Create Session: create a HTTP session to a server</doc>
<arguments>
<arg>alias=shopping</arg>
<arg>url=https://www.dminer.in.th</arg>
</arguments>
<msg timestamp="20201113 15:05:05.385" level="INFO">Creating Session using : alias=shopping, url=https://www.dminer.in.th, headers={},                     cookies={}, auth=None, timeout=None, proxies=None, verify=False,                     debug=0 </msg>
<status status="PASS" starttime="20201113 15:05:05.385" endtime="20201113 15:05:05.386"></status>
</kw>
<test id="s1-t1" name="Test ordering system for a parents who is ordering a toy for their child, payment by VISA and shipping via Kerry">
<kw name="Search">
<kw name="Get Request" library="RequestsLibrary">
<doc>Send a GET request on the session object found using the
given `alias`</doc>
<arguments>
<arg>alias=shopping</arg>
<arg>uri=/api/v1/product</arg>
<arg>headers=&amp;{headers}</arg>
</arguments>
<assign>
<var>${resp}</var>
</assign>
<msg timestamp="20201113 15:05:05.536" level="INFO">GET Request : url=https://www.dminer.in.th/api/v1/product 
 path_url=/api/v1/product 
 headers={'User-Agent': 'python-requests/2.25.0', 'Accept-Encoding': 'gzip, deflate', 'Accept': 'application/json', 'Connection': 'keep-alive', 'Content-Type': 'application/json'} 
 body=None 
 </msg>
<msg timestamp="20201113 15:05:05.536" level="INFO">GET Response : url=https://www.dminer.in.th/api/v1/product 
 status=200, reason=OK 
 body={
  "total": 2,
  "products": [
    {
      "id": 1,
      "product_name": "Balance Training Bicycle",
      "product_price": 119.95,
      "product_image": "/Balance_Training_Bicycle.png"
    },
    {
      "id": 2,
      "product_name": "43 Piece dinner Set",
      "product_price": 12.95,
      "product_image": "/43_Piece_dinner_Set.png"
    }
  ]
} 
 </msg>
<msg timestamp="20201113 15:05:05.536" level="INFO">/Library/Frameworks/Python.framework/Versions/3.7/lib/python3.7/site-packages/urllib3/connectionpool.py:1004: InsecureRequestWarning: Unverified HTTPS request is being made. Adding certificate verification is strongly advised. See: https://urllib3.readthedocs.io/en/latest/advanced-usage.html#ssl-warnings
  InsecureRequestWarning,</msg>
<msg timestamp="20201113 15:05:05.537" level="INFO">${resp} = &lt;Response [200]&gt;</msg>
<status status="PASS" starttime="20201113 15:05:05.387" endtime="20201113 15:05:05.537"></status>
</kw>
<kw name="Request Should Be Successful" library="RequestsLibrary">
<doc>Fails if response status code is a client or server error (4xx, 5xx).</doc>
<arguments>
<arg>${resp}</arg>
</arguments>
<status status="PASS" starttime="20201113 15:05:05.537" endtime="20201113 15:05:05.538"></status>
</kw>
<kw name="Should Be Equal" library="BuiltIn">
<doc>Fails if the given objects are unequal.</doc>
<arguments>
<arg>${resp.json()['products'][1]['product_name']}</arg>
<arg>43 Piece dinner Set</arg>
</arguments>
<status status="PASS" starttime="20201113 15:05:05.538" endtime="20201113 15:05:05.538"></status>
</kw>
<kw name="Should Be Equal As Numbers" library="BuiltIn">
<doc>Fails if objects are unequal after converting them to real numbers.</doc>
<arguments>
<arg>${resp.json()['products'][1]['product_price']}</arg>
<arg>12.95</arg>
</arguments>
<msg timestamp="20201113 15:05:05.539" level="INFO">Argument types are:
&lt;class 'float'&gt;
&lt;type 'unicode'&gt;</msg>
<status status="PASS" starttime="20201113 15:05:05.538" endtime="20201113 15:05:05.539"></status>
</kw>
<kw name="Set Variable" library="BuiltIn">
<doc>Returns the given values which can then be assigned to a variables.</doc>
<arguments>
<arg>${resp.json()['products'][1]['id']}</arg>
</arguments>
<assign>
<var>${productId}</var>
</assign>
<msg timestamp="20201113 15:05:05.540" level="INFO">${productId} = 2</msg>
<status status="PASS" starttime="20201113 15:05:05.539" endtime="20201113 15:05:05.540"></status>
</kw>
<kw name="Set Test Variable" library="BuiltIn">
<doc>Makes a variable available everywhere within the scope of the current test.</doc>
<arguments>
<arg>${productId}</arg>
</arguments>
<msg timestamp="20201113 15:05:05.540" level="INFO">${productId} = 2</msg>
<status status="PASS" starttime="20201113 15:05:05.540" endtime="20201113 15:05:05.540"></status>
</kw>
<status status="PASS" starttime="20201113 15:05:05.386" endtime="20201113 15:05:05.540"></status>
</kw>
<kw name="Product Detail">
<kw name="Get Request" library="RequestsLibrary">
<doc>Send a GET request on the session object found using the
given `alias`</doc>
<arguments>
<arg>alias=shopping</arg>
<arg>uri=/api/v1/product/${productId}</arg>
<arg>headers=&amp;{headers}</arg>
</arguments>
<assign>
<var>${resp}</var>
</assign>
<msg timestamp="20201113 15:05:05.585" level="INFO">GET Request : url=https://www.dminer.in.th/api/v1/product/2 
 path_url=/api/v1/product/2 
 headers={'User-Agent': 'python-requests/2.25.0', 'Accept-Encoding': 'gzip, deflate', 'Accept': 'application/json', 'Connection': 'keep-alive', 'Content-Type': 'application/json'} 
 body=None 
 </msg>
<msg timestamp="20201113 15:05:05.585" level="INFO">GET Response : url=https://www.dminer.in.th/api/v1/product/2 
 status=200, reason=OK 
 body={
  "id": 2,
  "product_name": "43 Piece dinner Set",
  "product_price": 12.95,
  "product_image": "/43_Piece_dinner_Set.png",
  "quantity": 10,
  "product_brand": "CoolKidz"
} 
 </msg>
<msg timestamp="20201113 15:05:05.585" level="INFO">/Library/Frameworks/Python.framework/Versions/3.7/lib/python3.7/site-packages/urllib3/connectionpool.py:1004: InsecureRequestWarning: Unverified HTTPS request is being made. Adding certificate verification is strongly advised. See: https://urllib3.readthedocs.io/en/latest/advanced-usage.html#ssl-warnings
  InsecureRequestWarning,</msg>
<msg timestamp="20201113 15:05:05.585" level="INFO">${resp} = &lt;Response [200]&gt;</msg>
<status status="PASS" starttime="20201113 15:05:05.541" endtime="20201113 15:05:05.585"></status>
</kw>
<kw name="Request Should Be Successful" library="RequestsLibrary">
<doc>Fails if response status code is a client or server error (4xx, 5xx).</doc>
<arguments>
<arg>${resp}</arg>
</arguments>
<status status="PASS" starttime="20201113 15:05:05.586" endtime="20201113 15:05:05.586"></status>
</kw>
<kw name="Should Be Equal As Integers" library="BuiltIn">
<doc>Fails if objects are unequal after converting them to integers.</doc>
<arguments>
<arg>${resp.json()['id']}</arg>
<arg>2</arg>
</arguments>
<msg timestamp="20201113 15:05:05.588" level="INFO">Argument types are:
&lt;class 'int'&gt;
&lt;type 'unicode'&gt;</msg>
<status status="PASS" starttime="20201113 15:05:05.587" endtime="20201113 15:05:05.588"></status>
</kw>
<kw name="Should Be Equal" library="BuiltIn">
<doc>Fails if the given objects are unequal.</doc>
<arguments>
<arg>${resp.json()['product_name']}</arg>
<arg>43 Piece dinner Set</arg>
</arguments>
<status status="PASS" starttime="20201113 15:05:05.589" endtime="20201113 15:05:05.590"></status>
</kw>
<kw name="Should Be Equal As Numbers" library="BuiltIn">
<doc>Fails if objects are unequal after converting them to real numbers.</doc>
<arguments>
<arg>${resp.json()['product_price']}</arg>
<arg>12.95</arg>
</arguments>
<msg timestamp="20201113 15:05:05.591" level="INFO">Argument types are:
&lt;class 'float'&gt;
&lt;type 'unicode'&gt;</msg>
<status status="PASS" starttime="20201113 15:05:05.590" endtime="20201113 15:05:05.591"></status>
</kw>
<kw name="Should Be Equal" library="BuiltIn">
<doc>Fails if the given objects are unequal.</doc>
<arguments>
<arg>${resp.json()['product_image']}</arg>
<arg>/43_Piece_dinner_Set.png</arg>
</arguments>
<status status="PASS" starttime="20201113 15:05:05.591" endtime="20201113 15:05:05.591"></status>
</kw>
<kw name="Should Be Equal As Integers" library="BuiltIn">
<doc>Fails if objects are unequal after converting them to integers.</doc>
<arguments>
<arg>${resp.json()['quantity']}</arg>
<arg>10</arg>
</arguments>
<msg timestamp="20201113 15:05:05.592" level="INFO">Argument types are:
&lt;class 'int'&gt;
&lt;type 'unicode'&gt;</msg>
<status status="PASS" starttime="20201113 15:05:05.592" endtime="20201113 15:05:05.593"></status>
</kw>
<kw name="Should Be Equal" library="BuiltIn">
<doc>Fails if the given objects are unequal.</doc>
<arguments>
<arg>${resp.json()['product_brand']}</arg>
<arg>CoolKidz</arg>
</arguments>
<status status="PASS" starttime="20201113 15:05:05.593" endtime="20201113 15:05:05.594"></status>
</kw>
<status status="PASS" starttime="20201113 15:05:05.541" endtime="20201113 15:05:05.594"></status>
</kw>
<kw name="Submit Order">
<kw name="To Json" library="RequestsLibrary">
<doc>Convert a string to a JSON object</doc>
<arguments>
<arg>{"cart" : [{ "product_id": 2,"quantity": 1}],"shipping_method" : "Kerry","shipping_address" : "405/37 ถ.มหิดล","shipping_sub_district" : "ต.ท่าศาลา","shipping_district" : "อ.เมือง","shipping_province" : "จ.เชียงใหม่","shipping_zip_code" : "50000","recipient_name" : "ณัฐญา ชุติบุตร","recipient_phone_number" : "0970809292"}</arg>
</arguments>
<assign>
<var>${json_data}</var>
</assign>
<msg timestamp="20201113 15:05:05.595" level="INFO">To JSON using : content={"cart" : [{ "product_id": 2,"quantity": 1}],"shipping_method" : "Kerry","shipping_address" : "405/37 ถ.มหิดล","shipping_sub_district" : "ต.ท่าศาลา","shipping_district" : "อ.เมือง","shipping_province" : "จ.เชียงใหม่","shipping_zip_code" : "50000","recipient_name" : "ณัฐญา ชุติบุตร","recipient_phone_number" : "0970809292"} </msg>
<msg timestamp="20201113 15:05:05.595" level="INFO">To JSON using : pretty_print=False </msg>
<msg timestamp="20201113 15:05:05.595" level="INFO">${json_data} = {'cart': [{'product_id': 2, 'quantity': 1}], 'shipping_method': 'Kerry', 'shipping_address': '405/37 ถ.มหิดล', 'shipping_sub_district': 'ต.ท่าศาลา', 'shipping_district': 'อ.เมือง', 'shipping_province'...</msg>
<status status="PASS" starttime="20201113 15:05:05.595" endtime="20201113 15:05:05.595"></status>
</kw>
<kw name="Post Request" library="RequestsLibrary">
<doc>Send a POST request on the session object found using the
given `alias`</doc>
<arguments>
<arg>alias=shopping</arg>
<arg>uri=/api/v1/order</arg>
<arg>headers=&amp;{headers}</arg>
<arg>json=${json_data}</arg>
</arguments>
<assign>
<var>${resp}</var>
</assign>
<msg timestamp="20201113 15:05:05.649" level="INFO">POST Request : url=https://www.dminer.in.th/api/v1/order 
 path_url=/api/v1/order 
 headers={'User-Agent': 'python-requests/2.25.0', 'Accept-Encoding': 'gzip, deflate', 'Accept': 'application/json', 'Connection': 'keep-alive', 'Content-Type': 'application/json', 'Content-Length': '537'} 
 body=b'{"cart": [{"product_id": 2, "quantity": 1}], "shipping_method": "Kerry", "shipping_address": "405/37 \\u0e16.\\u0e21\\u0e2b\\u0e34\\u0e14\\u0e25", "shipping_sub_district": "\\u0e15.\\u0e17\\u0e48\\u0e32\\u0e28\\u0e32\\u0e25\\u0e32", "shipping_district": "\\u0e2d.\\u0e40\\u0e21\\u0e37\\u0e2d\\u0e07", "shipping_province": "\\u0e08.\\u0e40\\u0e0a\\u0e35\\u0e22\\u0e07\\u0e43\\u0e2b\\u0e21\\u0e48", "shipping_zip_code": "50000", "recipient_name": "\\u0e13\\u0e31\\u0e10\\u0e0d\\u0e32 \\u0e0a\\u0e38\\u0e15\\u0e34\\u0e1a\\u0e38\\u0e15\\u0e23", "recipient_phone_number": "0970809292"}' 
 </msg>
<msg timestamp="20201113 15:05:05.649" level="INFO">POST Response : url=https://www.dminer.in.th/api/v1/order 
 status=200, reason=OK 
 body={
    "order_id": 8004359122,
    "total_price": 14.95
} 
 </msg>
<msg timestamp="20201113 15:05:05.649" level="INFO">/Library/Frameworks/Python.framework/Versions/3.7/lib/python3.7/site-packages/urllib3/connectionpool.py:1004: InsecureRequestWarning: Unverified HTTPS request is being made. Adding certificate verification is strongly advised. See: https://urllib3.readthedocs.io/en/latest/advanced-usage.html#ssl-warnings
  InsecureRequestWarning,</msg>
<msg timestamp="20201113 15:05:05.649" level="INFO">${resp} = &lt;Response [200]&gt;</msg>
<status status="PASS" starttime="20201113 15:05:05.596" endtime="20201113 15:05:05.650"></status>
</kw>
<kw name="Request Should Be Successful" library="RequestsLibrary">
<doc>Fails if response status code is a client or server error (4xx, 5xx).</doc>
<arguments>
<arg>${resp}</arg>
</arguments>
<status status="PASS" starttime="20201113 15:05:05.650" endtime="20201113 15:05:05.650"></status>
</kw>
<kw name="Should Be Equal As Integers" library="BuiltIn">
<doc>Fails if objects are unequal after converting them to integers.</doc>
<arguments>
<arg>${resp.json()['order_id']}</arg>
<arg>8004359122</arg>
</arguments>
<msg timestamp="20201113 15:05:05.651" level="INFO">Argument types are:
&lt;class 'int'&gt;
&lt;type 'unicode'&gt;</msg>
<status status="PASS" starttime="20201113 15:05:05.650" endtime="20201113 15:05:05.651"></status>
</kw>
<kw name="Set Variable" library="BuiltIn">
<doc>Returns the given values which can then be assigned to a variables.</doc>
<arguments>
<arg>${resp.json()['order_id']}</arg>
</arguments>
<assign>
<var>${order_ID}</var>
</assign>
<msg timestamp="20201113 15:05:05.651" level="INFO">${order_ID} = 8004359122</msg>
<status status="PASS" starttime="20201113 15:05:05.651" endtime="20201113 15:05:05.652"></status>
</kw>
<kw name="Should Be Equal As Integers" library="BuiltIn">
<doc>Fails if objects are unequal after converting them to integers.</doc>
<arguments>
<arg>${order_ID}</arg>
<arg>8004359122</arg>
</arguments>
<msg timestamp="20201113 15:05:05.652" level="INFO">Argument types are:
&lt;class 'int'&gt;
&lt;type 'unicode'&gt;</msg>
<status status="PASS" starttime="20201113 15:05:05.652" endtime="20201113 15:05:05.652"></status>
</kw>
<kw name="Should Be Equal As Numbers" library="BuiltIn">
<doc>Fails if objects are unequal after converting them to real numbers.</doc>
<arguments>
<arg>${resp.json()['total_price']}</arg>
<arg>14.95</arg>
</arguments>
<msg timestamp="20201113 15:05:05.653" level="INFO">Argument types are:
&lt;class 'float'&gt;
&lt;type 'unicode'&gt;</msg>
<status status="PASS" starttime="20201113 15:05:05.652" endtime="20201113 15:05:05.653"></status>
</kw>
<kw name="Set Test Variable" library="BuiltIn">
<doc>Makes a variable available everywhere within the scope of the current test.</doc>
<arguments>
<arg>${order_ID}</arg>
</arguments>
<msg timestamp="20201113 15:05:05.653" level="INFO">${order_ID} = 8004359122</msg>
<status status="PASS" starttime="20201113 15:05:05.653" endtime="20201113 15:05:05.653"></status>
</kw>
<status status="PASS" starttime="20201113 15:05:05.594" endtime="20201113 15:05:05.653"></status>
</kw>
<kw name="Comfirm Payment">
<kw name="To Json" library="RequestsLibrary">
<doc>Convert a string to a JSON object</doc>
<arguments>
<arg>{"order_id" : 8004359122,"payment_type" : "credit","type" : "visa","card_number" : "4719700591590995","cvv" : "752","expired_month" : 7,"expired_year" : 20,"card_name" : "Karnwat Wongudom","total_price" : 14.95}</arg>
</arguments>
<assign>
<var>${json_data}</var>
</assign>
<msg timestamp="20201113 15:05:05.654" level="INFO">To JSON using : content={"order_id" : 8004359122,"payment_type" : "credit","type" : "visa","card_number" : "4719700591590995","cvv" : "752","expired_month" : 7,"expired_year" : 20,"card_name" : "Karnwat Wongudom","total_price" : 14.95} </msg>
<msg timestamp="20201113 15:05:05.654" level="INFO">To JSON using : pretty_print=False </msg>
<msg timestamp="20201113 15:05:05.654" level="INFO">${json_data} = {'order_id': 8004359122, 'payment_type': 'credit', 'type': 'visa', 'card_number': '4719700591590995', 'cvv': '752', 'expired_month': 7, 'expired_year': 20, 'card_name': 'Karnwat Wongudom', 'total_pric...</msg>
<status status="PASS" starttime="20201113 15:05:05.654" endtime="20201113 15:05:05.654"></status>
</kw>
<kw name="Should Be Equal As Integers" library="BuiltIn">
<doc>Fails if objects are unequal after converting them to integers.</doc>
<arguments>
<arg>${json_data['order_id']}</arg>
<arg>${order_ID}</arg>
</arguments>
<status status="PASS" starttime="20201113 15:05:05.655" endtime="20201113 15:05:05.655"></status>
</kw>
<kw name="Post Request" library="RequestsLibrary">
<doc>Send a POST request on the session object found using the
given `alias`</doc>
<arguments>
<arg>alias=shopping</arg>
<arg>uri=/api/v1/confirmPayment</arg>
<arg>headers=&amp;{headers}</arg>
<arg>json=${json_data}</arg>
</arguments>
<assign>
<var>${resp}</var>
</assign>
<msg timestamp="20201113 15:05:05.712" level="INFO">POST Request : url=https://www.dminer.in.th/api/v1/confirmPayment 
 path_url=/api/v1/confirmPayment 
 headers={'User-Agent': 'python-requests/2.25.0', 'Accept-Encoding': 'gzip, deflate', 'Accept': 'application/json', 'Connection': 'keep-alive', 'Content-Type': 'application/json', 'Content-Length': '210'} 
 body=b'{"order_id": 8004359122, "payment_type": "credit", "type": "visa", "card_number": "4719700591590995", "cvv": "752", "expired_month": 7, "expired_year": 20, "card_name": "Karnwat Wongudom", "total_price": 14.95}' 
 </msg>
<msg timestamp="20201113 15:05:05.712" level="INFO">POST Response : url=https://www.dminer.in.th/api/v1/confirmPayment 
 status=200, reason=OK 
 body={
    "notify_message": "วันเวลาที่ชำระเงิน 1/3/2020 13:30:00 หมายเลขคำสั่งซื้อ 8004359122 คุณสามารถติดตามสินค้าผ่านช่องทาง Kerry หมายเลข 1785261900"
} 
 </msg>
<msg timestamp="20201113 15:05:05.712" level="INFO">/Library/Frameworks/Python.framework/Versions/3.7/lib/python3.7/site-packages/urllib3/connectionpool.py:1004: InsecureRequestWarning: Unverified HTTPS request is being made. Adding certificate verification is strongly advised. See: https://urllib3.readthedocs.io/en/latest/advanced-usage.html#ssl-warnings
  InsecureRequestWarning,</msg>
<msg timestamp="20201113 15:05:05.713" level="INFO">${resp} = &lt;Response [200]&gt;</msg>
<status status="PASS" starttime="20201113 15:05:05.655" endtime="20201113 15:05:05.713"></status>
</kw>
<kw name="Request Should Be Successful" library="RequestsLibrary">
<doc>Fails if response status code is a client or server error (4xx, 5xx).</doc>
<arguments>
<arg>${resp}</arg>
</arguments>
<status status="PASS" starttime="20201113 15:05:05.713" endtime="20201113 15:05:05.713"></status>
</kw>
<kw name="Should Be Equal" library="BuiltIn">
<doc>Fails if the given objects are unequal.</doc>
<arguments>
<arg>${resp.json()['notify_message']}</arg>
<arg>วันเวลาที่ชำระเงิน 1/3/2020 13:30:00 หมายเลขคำสั่งซื้อ 8004359122 คุณสามารถติดตามสินค้าผ่านช่องทาง Kerry หมายเลข 1785261900</arg>
</arguments>
<status status="PASS" starttime="20201113 15:05:05.713" endtime="20201113 15:05:05.714"></status>
</kw>
<status status="PASS" starttime="20201113 15:05:05.654" endtime="20201113 15:05:05.714"></status>
</kw>
<status status="PASS" starttime="20201113 15:05:05.386" endtime="20201113 15:05:05.715" critical="yes"></status>
</test>
<status status="PASS" starttime="20201113 15:05:05.249" endtime="20201113 15:05:05.715"></status>
</suite>
<statistics>
<total>
<stat pass="1" fail="0">Critical Tests</stat>
<stat pass="1" fail="0">All Tests</stat>
</total>
<tag>
</tag>
<suite>
<stat pass="1" fail="0" id="s1" name="Shopping Visa Success">Shopping Visa Success</stat>
</suite>
</statistics>
<errors>
</errors>
</robot>
