<?xml version="1.0" encoding="UTF-8"?>
<robot generator="Robot 3.2.2 (Python 3.7.0 on darwin)" generated="20201106 11:34:34.750" rpa="false">
<suite id="s1" name="Google-G3" source="/Users/pawariswongsalung/Documents/swt-workshop/ui-test/google/google-g3.robot">
<test id="s1-t1" name="Test search keywork US Election 2020 and verify search result on Google">
<kw name="Type google.com" library="resource-g3">
<kw name="Open Browser" library="SeleniumLibrary">
<doc>Opens a new browser instance to the optional ``url``.</doc>
<arguments>
<arg>${URL}</arg>
<arg>${browser}</arg>
</arguments>
<msg timestamp="20201106 11:34:34.988" level="INFO">Opening browser 'chrome' to base url 'https://www.google.com'.</msg>
<status status="PASS" starttime="20201106 11:34:34.987" endtime="20201106 11:34:39.844"></status>
</kw>
<status status="PASS" starttime="20201106 11:34:34.987" endtime="20201106 11:34:39.845"></status>
</kw>
<kw name="Search keyword" library="resource-g3">
<kw name="Input Text" library="SeleniumLibrary">
<doc>Types the given ``text`` into the text field identified by ``locator``.</doc>
<arguments>
<arg>name:q</arg>
<arg>${keyword}</arg>
</arguments>
<msg timestamp="20201106 11:34:39.847" level="INFO">Typing text 'USElection2020' into text field 'name:q'.</msg>
<status status="PASS" starttime="20201106 11:34:39.846" endtime="20201106 11:34:39.975"></status>
</kw>
<status status="PASS" starttime="20201106 11:34:39.845" endtime="20201106 11:34:39.975"></status>
</kw>
<kw name="Press Enter" library="resource-g3">
<kw name="Press Keys" library="SeleniumLibrary">
<doc>Simulates the user pressing key(s) to an element or on the active browser.</doc>
<arguments>
<arg>name:q</arg>
<arg>RETURN</arg>
</arguments>
<msg timestamp="20201106 11:34:39.976" level="INFO">Sending key(s) ('RETURN',) to name:q element.</msg>
<msg timestamp="20201106 11:34:40.248" level="INFO">Pressing special key RETURN to element.</msg>
<msg timestamp="20201106 11:34:40.248" level="INFO">Releasing special key RETURN.</msg>
<status status="PASS" starttime="20201106 11:34:39.975" endtime="20201106 11:34:41.342"></status>
</kw>
<status status="PASS" starttime="20201106 11:34:39.975" endtime="20201106 11:34:41.342"></status>
</kw>
<kw name="Check and look for the result" library="resource-g3">
<kw name="Page Should Contain" library="SeleniumLibrary">
<doc>Verifies that current page contains ``text``.</doc>
<arguments>
<arg>${expected result}</arg>
</arguments>
<msg timestamp="20201106 11:34:41.430" level="INFO">Current page contains text 'US Election 2020 - BBC News'.</msg>
<status status="PASS" starttime="20201106 11:34:41.343" endtime="20201106 11:34:41.430"></status>
</kw>
<status status="PASS" starttime="20201106 11:34:41.342" endtime="20201106 11:34:41.430"></status>
</kw>
<kw name="Close the Browser" library="resource-g3">
<kw name="Close Browser" library="SeleniumLibrary">
<doc>Closes the current browser.</doc>
<status status="PASS" starttime="20201106 11:34:41.431" endtime="20201106 11:34:41.529"></status>
</kw>
<status status="PASS" starttime="20201106 11:34:41.431" endtime="20201106 11:34:41.529"></status>
</kw>
<status status="PASS" starttime="20201106 11:34:34.986" endtime="20201106 11:34:41.530" critical="yes"></status>
</test>
<status status="PASS" starttime="20201106 11:34:34.751" endtime="20201106 11:34:41.533"></status>
</suite>
<statistics>
<total>
<stat pass="1" fail="0">Critical Tests</stat>
<stat pass="1" fail="0">All Tests</stat>
</total>
<tag>
</tag>
<suite>
<stat pass="1" fail="0" id="s1" name="Google-G3">Google-G3</stat>
</suite>
</statistics>
<errors>
</errors>
</robot>
