<?xml version="1.0" encoding="UTF-8"?>
<robot generator="Robot 3.2.2 (Python 3.7.0 on darwin)" generated="20201113 14:06:33.762" rpa="false">
<suite id="s1" name="Shopping Visa Success" source="/Users/pawariswongsalung/Documents/swt-workshop/ui-test/google/shopping_cart/shopping_visa_success.robot">
<test id="s1-t1" name="Test ordering system for a parents who is ordering a toy for their child, payment by VISA and shipping via Kerry">
<kw name="Open browser and show lists of products">
<kw name="Open Browser" library="SeleniumLibrary">
<doc>Opens a new browser instance to the optional ``url``.</doc>
<arguments>
<arg>${URL}</arg>
<arg>${web_Browser}</arg>
</arguments>
<msg timestamp="20201113 14:06:33.919" level="INFO">Opening browser 'chrome' to base url 'https://dminer.in.th/Product-list.html'.</msg>
<status status="PASS" starttime="20201113 14:06:33.919" endtime="20201113 14:06:36.646"></status>
</kw>
<status status="PASS" starttime="20201113 14:06:33.919" endtime="20201113 14:06:36.647"></status>
</kw>
<kw name="Show each individual products details">
<kw name="Element Should Contain" library="SeleniumLibrary">
<doc>Verifies that element ``locator`` contains text ``expected``.</doc>
<arguments>
<arg>id:productName-1</arg>
<arg>expected=43 Piece Dinner Set</arg>
</arguments>
<msg timestamp="20201113 14:06:36.672" level="INFO">Element 'id:productName-1' contains text '43 Piece Dinner Set'.</msg>
<status status="PASS" starttime="20201113 14:06:36.648" endtime="20201113 14:06:36.672"></status>
</kw>
<kw name="Element Should Contain" library="SeleniumLibrary">
<doc>Verifies that element ``locator`` contains text ``expected``.</doc>
<arguments>
<arg>id:productPrice-1</arg>
<arg>expected=12.95 USD</arg>
</arguments>
<msg timestamp="20201113 14:06:36.695" level="INFO">Element 'id:productPrice-1' contains text '12.95 USD'.</msg>
<status status="PASS" starttime="20201113 14:06:36.672" endtime="20201113 14:06:36.695"></status>
</kw>
<kw name="Click Element" library="SeleniumLibrary">
<doc>Click the element identified by ``locator``.</doc>
<arguments>
<arg>id:viewMore-1</arg>
</arguments>
<msg timestamp="20201113 14:06:36.695" level="INFO">Clicking element 'id:viewMore-1'.</msg>
<status status="PASS" starttime="20201113 14:06:36.695" endtime="20201113 14:06:36.734"></status>
</kw>
<status status="PASS" starttime="20201113 14:06:36.647" endtime="20201113 14:06:36.734"></status>
</kw>
<kw name="Select quantities of each products you want to buy">
<kw name="Wait Until Element Contains" library="SeleniumLibrary">
<doc>Waits until the element ``locator`` contains ``text``.</doc>
<arguments>
<arg>id:productName</arg>
<arg>43 Piece dinner Set</arg>
</arguments>
<status status="PASS" starttime="20201113 14:06:36.735" endtime="20201113 14:06:36.965"></status>
</kw>
<kw name="Element Should Contain" library="SeleniumLibrary">
<doc>Verifies that element ``locator`` contains text ``expected``.</doc>
<arguments>
<arg>id:productBrand</arg>
<arg>expected=CoolKidz</arg>
</arguments>
<msg timestamp="20201113 14:06:36.982" level="INFO">Element 'id:productBrand' contains text 'CoolKidz'.</msg>
<status status="PASS" starttime="20201113 14:06:36.965" endtime="20201113 14:06:36.982"></status>
</kw>
<kw name="Element Should Contain" library="SeleniumLibrary">
<doc>Verifies that element ``locator`` contains text ``expected``.</doc>
<arguments>
<arg>id:productPrice</arg>
<arg>expected=12.95 USD</arg>
</arguments>
<msg timestamp="20201113 14:06:36.998" level="INFO">Element 'id:productPrice' contains text '12.95 USD'.</msg>
<status status="PASS" starttime="20201113 14:06:36.982" endtime="20201113 14:06:36.998"></status>
</kw>
<kw name="Input Text" library="SeleniumLibrary">
<doc>Types the given ``text`` into the text field identified by ``locator``.</doc>
<arguments>
<arg>id:productQuantity</arg>
<arg>1</arg>
</arguments>
<msg timestamp="20201113 14:06:36.999" level="INFO">Typing text '1' into text field 'id:productQuantity'.</msg>
<status status="PASS" starttime="20201113 14:06:36.998" endtime="20201113 14:06:37.119"></status>
</kw>
<status status="PASS" starttime="20201113 14:06:36.734" endtime="20201113 14:06:37.119"></status>
</kw>
<kw name="Add products to the cart">
<kw name="Click Element" library="SeleniumLibrary">
<doc>Click the element identified by ``locator``.</doc>
<arguments>
<arg>id:addToCart</arg>
</arguments>
<msg timestamp="20201113 14:06:37.120" level="INFO">Clicking element 'id:addToCart'.</msg>
<status status="PASS" starttime="20201113 14:06:37.119" endtime="20201113 14:06:37.155"></status>
</kw>
<status status="PASS" starttime="20201113 14:06:37.119" endtime="20201113 14:06:37.155"></status>
</kw>
<kw name="Check and confirm order and go to Payment Page">
<kw name="Wait Until Page Contains" library="SeleniumLibrary">
<doc>Waits until ``text`` appears on the current page.</doc>
<arguments>
<arg>ยืนยันคำสั่งซื้อ</arg>
</arguments>
<status status="PASS" starttime="20201113 14:06:37.156" endtime="20201113 14:06:37.374"></status>
</kw>
<kw name="Element Should Contain" library="SeleniumLibrary">
<doc>Verifies that element ``locator`` contains text ``expected``.</doc>
<arguments>
<arg>id:productName-1</arg>
<arg>expected=43 Piece dinner Set</arg>
</arguments>
<msg timestamp="20201113 14:06:37.388" level="INFO">Element 'id:productName-1' contains text '43 Piece dinner Set'.</msg>
<status status="PASS" starttime="20201113 14:06:37.374" endtime="20201113 14:06:37.388"></status>
</kw>
<kw name="Element Should Contain" library="SeleniumLibrary">
<doc>Verifies that element ``locator`` contains text ``expected``.</doc>
<arguments>
<arg>id:totalAmount</arg>
<arg>expected=14.95 USD</arg>
</arguments>
<msg timestamp="20201113 14:06:37.404" level="INFO">Element 'id:totalAmount' contains text '14.95 USD'.</msg>
<status status="PASS" starttime="20201113 14:06:37.388" endtime="20201113 14:06:37.405"></status>
</kw>
<kw name="Click Element" library="SeleniumLibrary">
<doc>Click the element identified by ``locator``.</doc>
<arguments>
<arg>id:confirmPayment</arg>
</arguments>
<msg timestamp="20201113 14:06:37.405" level="INFO">Clicking element 'id:confirmPayment'.</msg>
<status status="PASS" starttime="20201113 14:06:37.405" endtime="20201113 14:06:37.437"></status>
</kw>
<status status="PASS" starttime="20201113 14:06:37.155" endtime="20201113 14:06:37.437"></status>
</kw>
<kw name="Payment via Credit Card VISA">
<kw name="Wait Until Page Contains" library="SeleniumLibrary">
<doc>Waits until ``text`` appears on the current page.</doc>
<arguments>
<arg>เลขบัตร:</arg>
</arguments>
<status status="PASS" starttime="20201113 14:06:37.438" endtime="20201113 14:06:37.652"></status>
</kw>
<kw name="Input Text" library="SeleniumLibrary">
<doc>Types the given ``text`` into the text field identified by ``locator``.</doc>
<arguments>
<arg>id:cardNumber</arg>
<arg>${card_Number}</arg>
</arguments>
<msg timestamp="20201113 14:06:37.652" level="INFO">Typing text '4719700591590995' into text field 'id:cardNumber'.</msg>
<status status="PASS" starttime="20201113 14:06:37.652" endtime="20201113 14:06:37.757"></status>
</kw>
<kw name="Input Text" library="SeleniumLibrary">
<doc>Types the given ``text`` into the text field identified by ``locator``.</doc>
<arguments>
<arg>id:expiredMonth</arg>
<arg>${expired_Month}</arg>
</arguments>
<msg timestamp="20201113 14:06:37.757" level="INFO">Typing text '7' into text field 'id:expiredMonth'.</msg>
<status status="PASS" starttime="20201113 14:06:37.757" endtime="20201113 14:06:37.813"></status>
</kw>
<kw name="Input Text" library="SeleniumLibrary">
<doc>Types the given ``text`` into the text field identified by ``locator``.</doc>
<arguments>
<arg>id:expiredYear</arg>
<arg>${expired_Year}</arg>
</arguments>
<msg timestamp="20201113 14:06:37.813" level="INFO">Typing text '20' into text field 'id:expiredYear'.</msg>
<status status="PASS" starttime="20201113 14:06:37.813" endtime="20201113 14:06:37.870"></status>
</kw>
<kw name="Input Text" library="SeleniumLibrary">
<doc>Types the given ``text`` into the text field identified by ``locator``.</doc>
<arguments>
<arg>id:cvv</arg>
<arg>${CVV_code}</arg>
</arguments>
<msg timestamp="20201113 14:06:37.871" level="INFO">Typing text '752' into text field 'id:cvv'.</msg>
<status status="PASS" starttime="20201113 14:06:37.870" endtime="20201113 14:06:37.930"></status>
</kw>
<kw name="Input Text" library="SeleniumLibrary">
<doc>Types the given ``text`` into the text field identified by ``locator``.</doc>
<arguments>
<arg>id:cardName</arg>
<arg>${card_Name}</arg>
</arguments>
<msg timestamp="20201113 14:06:37.931" level="INFO">Typing text 'Karnwat Wongudom' into text field 'id:cardName'.</msg>
<status status="PASS" starttime="20201113 14:06:37.930" endtime="20201113 14:06:38.009"></status>
</kw>
<kw name="Element Should Contain" library="SeleniumLibrary">
<doc>Verifies that element ``locator`` contains text ``expected``.</doc>
<arguments>
<arg>id:labelTotalPrice</arg>
<arg>expected=241.90 USD</arg>
</arguments>
<msg timestamp="20201113 14:06:38.027" level="INFO">Element 'id:labelTotalPrice' contains text '241.90 USD'.</msg>
<status status="PASS" starttime="20201113 14:06:38.009" endtime="20201113 14:06:38.028"></status>
</kw>
<kw name="Click Element" library="SeleniumLibrary">
<doc>Click the element identified by ``locator``.</doc>
<arguments>
<arg>id:Payment</arg>
</arguments>
<msg timestamp="20201113 14:06:38.028" level="INFO">Clicking element 'id:Payment'.</msg>
<status status="PASS" starttime="20201113 14:06:38.028" endtime="20201113 14:06:38.072"></status>
</kw>
<status status="PASS" starttime="20201113 14:06:37.437" endtime="20201113 14:06:38.072"></status>
</kw>
<kw name="Display Thank you message to the customer">
<kw name="Wait Until Element Contains" library="SeleniumLibrary">
<doc>Waits until the element ``locator`` contains ``text``.</doc>
<arguments>
<arg>id:notify</arg>
<arg>วันเวลาที่ชำระเงิน 1/3/2563 13:30:00 หมายเลขคำสั่งซื้อ 8004359103 คุณสามารถติดตามสินค้าผ่านช่องทาง Kerry ด้วยหมายเลข 1785261900</arg>
</arguments>
<status status="PASS" starttime="20201113 14:06:38.073" endtime="20201113 14:06:38.301"></status>
</kw>
<status status="PASS" starttime="20201113 14:06:38.073" endtime="20201113 14:06:38.301"></status>
</kw>
<status status="PASS" starttime="20201113 14:06:33.918" endtime="20201113 14:06:38.302" critical="yes"></status>
</test>
<kw name="Close All Browsers" library="SeleniumLibrary" type="teardown">
<doc>Closes all open browsers and resets the browser cache.</doc>
<status status="PASS" starttime="20201113 14:06:38.303" endtime="20201113 14:06:38.388"></status>
</kw>
<status status="PASS" starttime="20201113 14:06:33.764" endtime="20201113 14:06:38.388"></status>
</suite>
<statistics>
<total>
<stat pass="1" fail="0">Critical Tests</stat>
<stat pass="1" fail="0">All Tests</stat>
</total>
<tag>
</tag>
<suite>
<stat pass="1" fail="0" id="s1" name="Shopping Visa Success">Shopping Visa Success</stat>
</suite>
</statistics>
<errors>
</errors>
</robot>
